*********** START ***********
DATE: 2022-04-19
TIME: 18:39:18
********************** RUNNING 4_accrete

real	0m0.004s
user	0m0.000s
sys	0m0.000s



********************** RUNNING 5_flash

real	0m0.003s
user	0m0.000s
sys	0m0.000s



********************** RUNNING 6_relax_tau

real	0m0.004s
user	0m0.000s
sys	0m0.000s



********************** RUNNING 7_wind

real	0m0.003s
user	0m0.000s
sys	0m0.000s



Loaded mod file  models/ns_env_ejected.mod
Removing with method:  stepsize_drop
Removing at index 678, r=12.08763 km, rho=1.563e-01 g/cm3
********************** RUNNING 8_fallback

real	0m0.003s
user	0m0.000s
sys	0m0.000s



Making movie using 51 log files in LOGS/4_accrete/

4 nuclear reactions involved
['cno', 'pp', 'tri_alfa', 'burn_n']

11 isotopes present
['h1', 'he4', 'c12', 'fe56', 'c13', 'n13', 'n14', 'o14', 'o15', 'n15', 'o18']

1 mixing types present
['thermohaline (9 patches)']

Saved to  movies/nucmovie_4_accrete.mp4
********** FINISHED *********
DATE: 2022-04-19
TIME: 18:41:33
